<?xml version="1.0" encoding="UTF-8"?>
<!-- Generated by org.testng.reporters.JUnitReportReporter -->
<testsuite hostname="DESKTOP-LLAUDF3" failures="0" tests="4" name="tests.ProductsDetailsPageTest" time="7.252" errors="0" timestamp="2024-02-21T19:51:30 IST" skipped="0">
  <testcase classname="tests.ProductsDetailsPageTest" name="verifyProductURL" time="0.376"/>
  <system-out/>
  <testcase classname="tests.ProductsDetailsPageTest" name="verifybacktoProducts" time="2.241"/>
  <system-out/>
  <testcase classname="tests.ProductsDetailsPageTest" name="verifyaddToCart" time="2.311"/>
  <system-out/>
  <testcase classname="tests.ProductsDetailsPageTest" name="checkoutURL" time="2.324"/>
  <system-out/>
</testsuite> <!-- tests.ProductsDetailsPageTest -->
