<?xml version="1.0" encoding="UTF-8"?>
<!-- Generated by org.testng.reporters.JUnitReportReporter -->
<testsuite hostname="DESKTOP-LLAUDF3" failures="0" tests="1" name="tests.CheckoutPageTest" time="17.595" errors="0" timestamp="2024-02-15T10:02:28 IST" skipped="0">
  <testcase classname="tests.CheckoutPageTest" name="ContinueShoppiongurl" time="17.595"/>
  <system-out/>
</testsuite> <!-- tests.CheckoutPageTest -->
