<?xml version="1.0" encoding="UTF-8"?>
<!-- Generated by org.testng.reporters.JUnitReportReporter -->
<testsuite hostname="DESKTOP-LLAUDF3" failures="0" tests="6" name="tests.LoginPageTest" time="66.902" errors="0" timestamp="2024-02-21T19:50:14 IST" skipped="0">
  <testcase classname="tests.LoginPageTest" name="verifyUrl" time="0.098"/>
  <system-out/>
  <testcase classname="tests.LoginPageTest" name="verifyTitle" time="0.031"/>
  <system-out/>
  <testcase classname="tests.LoginPageTest" name="login" time="58.430"/>
  <system-out/>
  <testcase classname="tests.LoginPageTest" name="errorMsg" time="3.014"/>
  <system-out/>
  <testcase classname="tests.LoginPageTest" name="verifyBlankFields" time="2.577"/>
  <system-out/>
  <testcase classname="tests.LoginPageTest" name="verifyValidCredentials" time="2.752"/>
  <system-out/>
</testsuite> <!-- tests.LoginPageTest -->
