<?xml version="1.0" encoding="UTF-8"?>
<!-- Generated by org.testng.reporters.JUnitReportReporter -->
<testsuite hostname="DESKTOP-LLAUDF3" failures="0" tests="4" name="tests.CheckoutTest" time="5.764" errors="0" timestamp="2024-02-21T19:53:27 IST" skipped="0">
  <testcase classname="tests.CheckoutTest" name="checkout" time="5.367"/>
  <system-out/>
  <testcase classname="tests.CheckoutTest" name="comparetotal" time="0.160"/>
  <system-out/>
  <testcase classname="tests.CheckoutTest" name="verifyFinishbtnEnabled" time="0.052"/>
  <system-out/>
  <testcase classname="tests.CheckoutTest" name="verifysuccessmsg" time="0.185"/>
  <system-out/>
</testsuite> <!-- tests.CheckoutTest -->
