<?xml version="1.0" encoding="UTF-8"?>
<!-- Generated by org.testng.reporters.JUnitReportReporter -->
<testsuite hostname="DESKTOP-LLAUDF3" failures="0" tests="4" name="tests.EndtoEndTesting" time="21.594" errors="0" timestamp="2024-02-21T19:48:29 IST" skipped="0">
  <testcase classname="tests.EndtoEndTesting" name="productPageTest" time="3.449"/>
  <system-out/>
  <testcase classname="tests.EndtoEndTesting" name="produtsDetailspage" time="7.177"/>
  <system-out/>
  <testcase classname="tests.EndtoEndTesting" name="cartpage" time="4.983"/>
  <system-out/>
  <testcase classname="tests.EndtoEndTesting" name="checkoutPage" time="5.985"/>
  <system-out/>
</testsuite> <!-- tests.EndtoEndTesting -->
