<?xml version="1.0" encoding="UTF-8"?>
<!-- Generated by org.testng.reporters.JUnitReportReporter -->
<testsuite hostname="DESKTOP-LLAUDF3" failures="0" tests="3" name="tests.CartPageTest" time="4.846" errors="0" timestamp="2024-02-21T19:52:51 IST" skipped="0">
  <testcase classname="tests.CartPageTest" name="verifyProductURL" time="2.242"/>
  <system-out/>
  <testcase classname="tests.CartPageTest" name="ContinueShoppiongurl" time="0.224"/>
  <system-out/>
  <testcase classname="tests.CartPageTest" name="checkoutPageURL" time="2.380"/>
  <system-out/>
</testsuite> <!-- tests.CartPageTest -->
