<?xml version="1.0" encoding="UTF-8"?>
<!-- Generated by org.testng.reporters.JUnitReportReporter -->
<testsuite hostname="DESKTOP-LLAUDF3" failures="0" tests="1" name="tests.EndtoEndTest" time="26.472" errors="0" timestamp="2024-02-16T07:24:39 IST" skipped="0">
  <testcase classname="tests.EndtoEndTest" name="verifyEndtoendTesting" time="26.472"/>
  <system-out/>
</testsuite> <!-- tests.EndtoEndTest -->
