<?xml version="1.0" encoding="UTF-8"?>
<!-- Generated by org.testng.reporters.JUnitReportReporter -->
<testsuite hostname="DESKTOP-LLAUDF3" failures="0" tests="14" name="tests.ProductsPageTest" time="3.244" errors="0" timestamp="2024-02-21T19:50:58 IST" skipped="0">
  <testcase classname="tests.ProductsPageTest" name="verifyProductURL" time="0.032"/>
  <system-out/>
  <testcase classname="tests.ProductsPageTest" name="verifyApplog" time="0.142"/>
  <system-out/>
  <testcase classname="tests.ProductsPageTest" name="verifyCartlogo" time="0.065"/>
  <system-out/>
  <testcase classname="tests.ProductsPageTest" name="verifymMenulogo" time="0.091"/>
  <system-out/>
  <testcase classname="tests.ProductsPageTest" name="verifyTwitterlogo" time="0.076"/>
  <system-out/>
  <testcase classname="tests.ProductsPageTest" name="verifyFacebooklogo" time="0.068"/>
  <system-out/>
  <testcase classname="tests.ProductsPageTest" name="verifyLnkedInlogo" time="0.075"/>
  <system-out/>
  <testcase classname="tests.ProductsPageTest" name="verifySortlogo" time="0.064"/>
  <system-out/>
  <testcase classname="tests.ProductsPageTest" name="productsNo" time="0.038"/>
  <system-out/>
  <testcase classname="tests.ProductsPageTest" name="imagesNo" time="0.045"/>
  <system-out/>
  <testcase classname="tests.ProductsPageTest" name="verifyaddtoCart" time="0.055"/>
  <system-out/>
  <testcase classname="tests.ProductsPageTest" name="addToCart" time="0.203"/>
  <system-out/>
  <testcase classname="tests.ProductsPageTest" name="removefromCart" time="2.151"/>
  <system-out/>
  <testcase classname="tests.ProductsPageTest" name="addcartcount" time="0.139"/>
  <system-out/>
</testsuite> <!-- tests.ProductsPageTest -->
